<html>
<head>
<title>TestNG:  Default test</title>
<link href="../testng.css" rel="stylesheet" type="text/css" />
<link href="../my-testng.css" rel="stylesheet" type="text/css" />

<style type="text/css">
.log { display: none;} 
.stack-trace { display: none;} 
</style>
<script type="text/javascript">
<!--
function flip(e) {
  current = e.style.display;
  if (current == 'block') {
    e.style.display = 'none';
    return 0;
  }
  else {
    e.style.display = 'block';
    return 1;
  }
}

function toggleBox(szDivId, elem, msg1, msg2)
{
  var res = -1;  if (document.getElementById) {
    res = flip(document.getElementById(szDivId));
  }
  else if (document.all) {
    // this is the way old msie versions work
    res = flip(document.all[szDivId]);
  }
  if(elem) {
    if(res == 0) elem.innerHTML = msg1; else elem.innerHTML = msg2;
  }

}

function toggleAllBoxes() {
  if (document.getElementsByTagName) {
    d = document.getElementsByTagName('div');
    for (i = 0; i < d.length; i++) {
      if (d[i].className == 'log') {
        flip(d[i]);
      }
    }
  }
}

// -->
</script>

</head>
<body>
<h2 align='center'>Default test</h2><table border='1' align="center">
<tr>
<td>Tests passed/Failed/Skipped:</td><td>43/6/0</td>
</tr><tr>
<td>Started on:</td><td>Tue Mar 15 17:41:42 ICT 2016</td>
</tr>
<tr><td>Total time:</td><td>1071 seconds (1071257 ms)</td>
</tr><tr>
<td>Included groups:</td><td></td>
</tr><tr>
<td>Excluded groups:</td><td></td>
</tr>
</table><p/>
<small><i>(Hover the method name to see the test class name)</i></small><p/>
<table width='100%' border='1' class='invocation-failed'>
<tr><td colspan='4' align='center'><b>FAILED TESTS</b></td></tr>
<tr><td><b>Test method</b></td>
<td width="30%"><b>Exception</b></td>
<td width="10%"><b>Time (seconds)</b></td>
<td><b>Instance</b></td>
</tr>
<tr>
<td title='Testcases.OpenIndividualCustomerTest.OpenIndividualCustomer()'><b>OpenIndividualCustomer</b><br>Test class: Testcases.OpenIndividualCustomerTest<br>Parameters: 1001, 010101, 999, Identification Card, N, Ha Noi, 19910101, N, VN, VN, 1, VN0010133, 19910101, 1111, 1111, M, Mobile, 0902895585, ngocnv2@vpbank.com.vn</td>
<td><div><pre>java.util.NoSuchElementException
	at java.util.LinkedHashMap$LinkedHashIterator.nextNode(LinkedHashMap.java:713)
	at java.util.LinkedHashMap$LinkedKeyIterator.next(LinkedHashMap.java:734)
	at Testcases.SignInTest.switchChildId(SignInTest.java:97)
	at Testcases.SignInTest.navigateToVersion(SignInTest.java:86)
	at Testcases.OpenIndividualCustomerTest.OpenIndividualCustomer(OpenIndividualCustomerTest.java:171)
	at sun.reflect.NativeMethodAccessorImpl.invoke0(Native Method)
	at sun.reflect.NativeMethodAccessorImpl.invoke(NativeMethodAccessorImpl.java:62)
	at sun.reflect.DelegatingMethodAccessorImpl.invoke(DelegatingMethodAccessorImpl.java:43)
	at java.lang.reflect.Method.invoke(Method.java:497)
	at org.testng.internal.MethodInvocationHelper.invokeMethod(MethodInvocationHelper.java:86)
	at org.testng.internal.Invoker.invokeMethod(Invoker.java:643)
	at org.testng.internal.Invoker.invokeTestMethod(Invoker.java:820)
	at org.testng.internal.Invoker.invokeTestMethods(Invoker.java:1128)
	at org.testng.internal.TestMethodWorker.invokeTestMethods(TestMethodWorker.java:129)
	at org.testng.internal.TestMethodWorker.run(TestMethodWorker.java:112)
	at org.testng.TestRunner.privateRun(TestRunner.java:782)
	at org.testng.TestRunner.run(TestRunner.java:632)
	at org.testng.SuiteRunner.runTest(SuiteRunner.java:366)
	at org.testng.SuiteRunner.runSequentially(SuiteRunner.java:361)
	at org.testng.SuiteRunner.privateRun(SuiteRunner.java:319)
	at org.testng.SuiteRunner.run(SuiteRunner.java:268)
	at org.testng.SuiteRunnerWorker.runSuite(SuiteRunnerWorker.java:52)
	at org.testng.SuiteRunnerWorker.run(SuiteRunnerWorker.java:86)
	at org.testng.TestNG.runSuitesSequentially(TestNG.java:1244)
	at org.testng.TestNG.runSuitesLocally(TestNG.java:1169)
	at org.testng.TestNG.run(TestNG.java:1064)
	at org.testng.remote.RemoteTestNG.run(RemoteTestNG.java:113)
	at org.testng.remote.RemoteTestNG.initAndRun(RemoteTestNG.java:206)
	at org.testng.remote.RemoteTestNG.main(RemoteTestNG.java:177)
</pre></div><a href='#' onClick='toggleBox("stack-trace1306085976", this, "Click to show all stack frames", "Click to hide stack frames")'>Click to show all stack frames</a>
<div class='stack-trace' id='stack-trace1306085976'><pre>java.util.NoSuchElementException
	at java.util.LinkedHashMap$LinkedHashIterator.nextNode(LinkedHashMap.java:713)
	at java.util.LinkedHashMap$LinkedKeyIterator.next(LinkedHashMap.java:734)
	at Testcases.SignInTest.switchChildId(SignInTest.java:97)
	at Testcases.SignInTest.navigateToVersion(SignInTest.java:86)
	at Testcases.OpenIndividualCustomerTest.OpenIndividualCustomer(OpenIndividualCustomerTest.java:171)
	at sun.reflect.NativeMethodAccessorImpl.invoke0(Native Method)
	at sun.reflect.NativeMethodAccessorImpl.invoke(NativeMethodAccessorImpl.java:62)
	at sun.reflect.DelegatingMethodAccessorImpl.invoke(DelegatingMethodAccessorImpl.java:43)
	at java.lang.reflect.Method.invoke(Method.java:497)
	at org.testng.internal.MethodInvocationHelper.invokeMethod(MethodInvocationHelper.java:86)
	at org.testng.internal.Invoker.invokeMethod(Invoker.java:643)
	at org.testng.internal.Invoker.invokeTestMethod(Invoker.java:820)
	at org.testng.internal.Invoker.invokeTestMethods(Invoker.java:1128)
	at org.testng.internal.TestMethodWorker.invokeTestMethods(TestMethodWorker.java:129)
	at org.testng.internal.TestMethodWorker.run(TestMethodWorker.java:112)
	at org.testng.TestRunner.privateRun(TestRunner.java:782)
	at org.testng.TestRunner.run(TestRunner.java:632)
	at org.testng.SuiteRunner.runTest(SuiteRunner.java:366)
	at org.testng.SuiteRunner.runSequentially(SuiteRunner.java:361)
	at org.testng.SuiteRunner.privateRun(SuiteRunner.java:319)
	at org.testng.SuiteRunner.run(SuiteRunner.java:268)
	at org.testng.SuiteRunnerWorker.runSuite(SuiteRunnerWorker.java:52)
	at org.testng.SuiteRunnerWorker.run(SuiteRunnerWorker.java:86)
	at org.testng.TestNG.runSuitesSequentially(TestNG.java:1244)
	at org.testng.TestNG.runSuitesLocally(TestNG.java:1169)
	at org.testng.TestNG.run(TestNG.java:1064)
	at org.testng.remote.RemoteTestNG.run(RemoteTestNG.java:113)
	at org.testng.remote.RemoteTestNG.initAndRun(RemoteTestNG.java:206)
	at org.testng.remote.RemoteTestNG.main(RemoteTestNG.java:177)
</pre></div></td>
<td>17</td>
<td>Testcases.OpenIndividualCustomerTest@3ac3fd8b</td></tr>
<tr>
<td title='Testcases.OpenIndividualCustomerTest.OpenIndividualCustomer()'><b>OpenIndividualCustomer</b><br>Test class: Testcases.OpenIndividualCustomerTest<br>Parameters: 1001, 010101, 999, Identification Card, N, Ha Noi, 19910101, N, VN, VN, 1, VN0010133, 19910101, 1111, 1111, M, Mobile, 0902895585, ngocnv2@vpbank.com.vn</td>
<td><div><pre>java.util.NoSuchElementException
	at java.util.LinkedHashMap$LinkedHashIterator.nextNode(LinkedHashMap.java:713)
	at java.util.LinkedHashMap$LinkedKeyIterator.next(LinkedHashMap.java:734)
	at Testcases.SignInTest.switchChildId(SignInTest.java:97)
	at Testcases.SignInTest.navigateToVersion(SignInTest.java:86)
	at Testcases.OpenIndividualCustomerTest.OpenIndividualCustomer(OpenIndividualCustomerTest.java:171)
	at sun.reflect.GeneratedMethodAccessor9.invoke(Unknown Source)
	at sun.reflect.DelegatingMethodAccessorImpl.invoke(DelegatingMethodAccessorImpl.java:43)
	at java.lang.reflect.Method.invoke(Method.java:497)
	at org.testng.internal.MethodInvocationHelper.invokeMethod(MethodInvocationHelper.java:86)
	at org.testng.internal.Invoker.invokeMethod(Invoker.java:643)
	at org.testng.internal.Invoker.invokeTestMethod(Invoker.java:820)
	at org.testng.internal.Invoker.invokeTestMethods(Invoker.java:1128)
	at org.testng.internal.TestMethodWorker.invokeTestMethods(TestMethodWorker.java:129)
	at org.testng.internal.TestMethodWorker.run(TestMethodWorker.java:112)
	at org.testng.TestRunner.privateRun(TestRunner.java:782)
	at org.testng.TestRunner.run(TestRunner.java:632)
	at org.testng.SuiteRunner.runTest(SuiteRunner.java:366)
	at org.testng.SuiteRunner.runSequentially(SuiteRunner.java:361)
	at org.testng.SuiteRunner.privateRun(SuiteRunner.java:319)
	at org.testng.SuiteRunner.run(SuiteRunner.java:268)
	at org.testng.SuiteRunnerWorker.runSuite(SuiteRunnerWorker.java:52)
	at org.testng.SuiteRunnerWorker.run(SuiteRunnerWorker.java:86)
	at org.testng.TestNG.runSuitesSequentially(TestNG.java:1244)
	at org.testng.TestNG.runSuitesLocally(TestNG.java:1169)
	at org.testng.TestNG.run(TestNG.java:1064)
	at org.testng.remote.RemoteTestNG.run(RemoteTestNG.java:113)
	at org.testng.remote.RemoteTestNG.initAndRun(RemoteTestNG.java:206)
	at org.testng.remote.RemoteTestNG.main(RemoteTestNG.java:177)
</pre></div><a href='#' onClick='toggleBox("stack-trace1791014677", this, "Click to show all stack frames", "Click to hide stack frames")'>Click to show all stack frames</a>
<div class='stack-trace' id='stack-trace1791014677'><pre>java.util.NoSuchElementException
	at java.util.LinkedHashMap$LinkedHashIterator.nextNode(LinkedHashMap.java:713)
	at java.util.LinkedHashMap$LinkedKeyIterator.next(LinkedHashMap.java:734)
	at Testcases.SignInTest.switchChildId(SignInTest.java:97)
	at Testcases.SignInTest.navigateToVersion(SignInTest.java:86)
	at Testcases.OpenIndividualCustomerTest.OpenIndividualCustomer(OpenIndividualCustomerTest.java:171)
	at sun.reflect.GeneratedMethodAccessor9.invoke(Unknown Source)
	at sun.reflect.DelegatingMethodAccessorImpl.invoke(DelegatingMethodAccessorImpl.java:43)
	at java.lang.reflect.Method.invoke(Method.java:497)
	at org.testng.internal.MethodInvocationHelper.invokeMethod(MethodInvocationHelper.java:86)
	at org.testng.internal.Invoker.invokeMethod(Invoker.java:643)
	at org.testng.internal.Invoker.invokeTestMethod(Invoker.java:820)
	at org.testng.internal.Invoker.invokeTestMethods(Invoker.java:1128)
	at org.testng.internal.TestMethodWorker.invokeTestMethods(TestMethodWorker.java:129)
	at org.testng.internal.TestMethodWorker.run(TestMethodWorker.java:112)
	at org.testng.TestRunner.privateRun(TestRunner.java:782)
	at org.testng.TestRunner.run(TestRunner.java:632)
	at org.testng.SuiteRunner.runTest(SuiteRunner.java:366)
	at org.testng.SuiteRunner.runSequentially(SuiteRunner.java:361)
	at org.testng.SuiteRunner.privateRun(SuiteRunner.java:319)
	at org.testng.SuiteRunner.run(SuiteRunner.java:268)
	at org.testng.SuiteRunnerWorker.runSuite(SuiteRunnerWorker.java:52)
	at org.testng.SuiteRunnerWorker.run(SuiteRunnerWorker.java:86)
	at org.testng.TestNG.runSuitesSequentially(TestNG.java:1244)
	at org.testng.TestNG.runSuitesLocally(TestNG.java:1169)
	at org.testng.TestNG.run(TestNG.java:1064)
	at org.testng.remote.RemoteTestNG.run(RemoteTestNG.java:113)
	at org.testng.remote.RemoteTestNG.initAndRun(RemoteTestNG.java:206)
	at org.testng.remote.RemoteTestNG.main(RemoteTestNG.java:177)
</pre></div></td>
<td>18</td>
<td>Testcases.OpenIndividualCustomerTest@3ac3fd8b</td></tr>
<tr>
<td title='Testcases.OpenIndividualCustomerTest.OpenIndividualCustomer()'><b>OpenIndividualCustomer</b><br>Test class: Testcases.OpenIndividualCustomerTest<br>Parameters: 1001, 010101, 999, Identification Card, N, Ha Noi, 19910101, N, VN, VN, 1, VN0010133, 19910101, 1111, 1111, M, Mobile, 0902895585, ngocnv2@vpbank.com.vn</td>
<td><div><pre>java.util.NoSuchElementException
	at java.util.LinkedHashMap$LinkedHashIterator.nextNode(LinkedHashMap.java:713)
	at java.util.LinkedHashMap$LinkedKeyIterator.next(LinkedHashMap.java:734)
	at Testcases.SignInTest.switchChildId(SignInTest.java:97)
	at Testcases.SignInTest.navigateToVersion(SignInTest.java:86)
	at Testcases.OpenIndividualCustomerTest.OpenIndividualCustomer(OpenIndividualCustomerTest.java:171)
	at sun.reflect.GeneratedMethodAccessor9.invoke(Unknown Source)
	at sun.reflect.DelegatingMethodAccessorImpl.invoke(DelegatingMethodAccessorImpl.java:43)
	at java.lang.reflect.Method.invoke(Method.java:497)
	at org.testng.internal.MethodInvocationHelper.invokeMethod(MethodInvocationHelper.java:86)
	at org.testng.internal.Invoker.invokeMethod(Invoker.java:643)
	at org.testng.internal.Invoker.invokeTestMethod(Invoker.java:820)
	at org.testng.internal.Invoker.invokeTestMethods(Invoker.java:1128)
	at org.testng.internal.TestMethodWorker.invokeTestMethods(TestMethodWorker.java:129)
	at org.testng.internal.TestMethodWorker.run(TestMethodWorker.java:112)
	at org.testng.TestRunner.privateRun(TestRunner.java:782)
	at org.testng.TestRunner.run(TestRunner.java:632)
	at org.testng.SuiteRunner.runTest(SuiteRunner.java:366)
	at org.testng.SuiteRunner.runSequentially(SuiteRunner.java:361)
	at org.testng.SuiteRunner.privateRun(SuiteRunner.java:319)
	at org.testng.SuiteRunner.run(SuiteRunner.java:268)
	at org.testng.SuiteRunnerWorker.runSuite(SuiteRunnerWorker.java:52)
	at org.testng.SuiteRunnerWorker.run(SuiteRunnerWorker.java:86)
	at org.testng.TestNG.runSuitesSequentially(TestNG.java:1244)
	at org.testng.TestNG.runSuitesLocally(TestNG.java:1169)
	at org.testng.TestNG.run(TestNG.java:1064)
	at org.testng.remote.RemoteTestNG.run(RemoteTestNG.java:113)
	at org.testng.remote.RemoteTestNG.initAndRun(RemoteTestNG.java:206)
	at org.testng.remote.RemoteTestNG.main(RemoteTestNG.java:177)
</pre></div><a href='#' onClick='toggleBox("stack-trace1579139754", this, "Click to show all stack frames", "Click to hide stack frames")'>Click to show all stack frames</a>
<div class='stack-trace' id='stack-trace1579139754'><pre>java.util.NoSuchElementException
	at java.util.LinkedHashMap$LinkedHashIterator.nextNode(LinkedHashMap.java:713)
	at java.util.LinkedHashMap$LinkedKeyIterator.next(LinkedHashMap.java:734)
	at Testcases.SignInTest.switchChildId(SignInTest.java:97)
	at Testcases.SignInTest.navigateToVersion(SignInTest.java:86)
	at Testcases.OpenIndividualCustomerTest.OpenIndividualCustomer(OpenIndividualCustomerTest.java:171)
	at sun.reflect.GeneratedMethodAccessor9.invoke(Unknown Source)
	at sun.reflect.DelegatingMethodAccessorImpl.invoke(DelegatingMethodAccessorImpl.java:43)
	at java.lang.reflect.Method.invoke(Method.java:497)
	at org.testng.internal.MethodInvocationHelper.invokeMethod(MethodInvocationHelper.java:86)
	at org.testng.internal.Invoker.invokeMethod(Invoker.java:643)
	at org.testng.internal.Invoker.invokeTestMethod(Invoker.java:820)
	at org.testng.internal.Invoker.invokeTestMethods(Invoker.java:1128)
	at org.testng.internal.TestMethodWorker.invokeTestMethods(TestMethodWorker.java:129)
	at org.testng.internal.TestMethodWorker.run(TestMethodWorker.java:112)
	at org.testng.TestRunner.privateRun(TestRunner.java:782)
	at org.testng.TestRunner.run(TestRunner.java:632)
	at org.testng.SuiteRunner.runTest(SuiteRunner.java:366)
	at org.testng.SuiteRunner.runSequentially(SuiteRunner.java:361)
	at org.testng.SuiteRunner.privateRun(SuiteRunner.java:319)
	at org.testng.SuiteRunner.run(SuiteRunner.java:268)
	at org.testng.SuiteRunnerWorker.runSuite(SuiteRunnerWorker.java:52)
	at org.testng.SuiteRunnerWorker.run(SuiteRunnerWorker.java:86)
	at org.testng.TestNG.runSuitesSequentially(TestNG.java:1244)
	at org.testng.TestNG.runSuitesLocally(TestNG.java:1169)
	at org.testng.TestNG.run(TestNG.java:1064)
	at org.testng.remote.RemoteTestNG.run(RemoteTestNG.java:113)
	at org.testng.remote.RemoteTestNG.initAndRun(RemoteTestNG.java:206)
	at org.testng.remote.RemoteTestNG.main(RemoteTestNG.java:177)
</pre></div></td>
<td>17</td>
<td>Testcases.OpenIndividualCustomerTest@3ac3fd8b</td></tr>
<tr>
<td title='Testcases.OpenIndividualCustomerTest.OpenIndividualCustomer()'><b>OpenIndividualCustomer</b><br>Test class: Testcases.OpenIndividualCustomerTest<br>Parameters: 1001, 010101, 999, Identification Card, N, Ha Noi, 19910101, N, VN, VN, 1, VN0010133, 19910101, 1111, 1111, M, Mobile, 0902895585, ngocnv2@vpbank.com.vn</td>
<td><div><pre>java.util.NoSuchElementException
	at java.util.LinkedHashMap$LinkedHashIterator.nextNode(LinkedHashMap.java:713)
	at java.util.LinkedHashMap$LinkedKeyIterator.next(LinkedHashMap.java:734)
	at Testcases.SignInTest.switchChildId(SignInTest.java:97)
	at Testcases.SignInTest.navigateToVersion(SignInTest.java:86)
	at Testcases.OpenIndividualCustomerTest.OpenIndividualCustomer(OpenIndividualCustomerTest.java:171)
	at sun.reflect.GeneratedMethodAccessor9.invoke(Unknown Source)
	at sun.reflect.DelegatingMethodAccessorImpl.invoke(DelegatingMethodAccessorImpl.java:43)
	at java.lang.reflect.Method.invoke(Method.java:497)
	at org.testng.internal.MethodInvocationHelper.invokeMethod(MethodInvocationHelper.java:86)
	at org.testng.internal.Invoker.invokeMethod(Invoker.java:643)
	at org.testng.internal.Invoker.invokeTestMethod(Invoker.java:820)
	at org.testng.internal.Invoker.invokeTestMethods(Invoker.java:1128)
	at org.testng.internal.TestMethodWorker.invokeTestMethods(TestMethodWorker.java:129)
	at org.testng.internal.TestMethodWorker.run(TestMethodWorker.java:112)
	at org.testng.TestRunner.privateRun(TestRunner.java:782)
	at org.testng.TestRunner.run(TestRunner.java:632)
	at org.testng.SuiteRunner.runTest(SuiteRunner.java:366)
	at org.testng.SuiteRunner.runSequentially(SuiteRunner.java:361)
	at org.testng.SuiteRunner.privateRun(SuiteRunner.java:319)
	at org.testng.SuiteRunner.run(SuiteRunner.java:268)
	at org.testng.SuiteRunnerWorker.runSuite(SuiteRunnerWorker.java:52)
	at org.testng.SuiteRunnerWorker.run(SuiteRunnerWorker.java:86)
	at org.testng.TestNG.runSuitesSequentially(TestNG.java:1244)
	at org.testng.TestNG.runSuitesLocally(TestNG.java:1169)
	at org.testng.TestNG.run(TestNG.java:1064)
	at org.testng.remote.RemoteTestNG.run(RemoteTestNG.java:113)
	at org.testng.remote.RemoteTestNG.initAndRun(RemoteTestNG.java:206)
	at org.testng.remote.RemoteTestNG.main(RemoteTestNG.java:177)
</pre></div><a href='#' onClick='toggleBox("stack-trace1046467249", this, "Click to show all stack frames", "Click to hide stack frames")'>Click to show all stack frames</a>
<div class='stack-trace' id='stack-trace1046467249'><pre>java.util.NoSuchElementException
	at java.util.LinkedHashMap$LinkedHashIterator.nextNode(LinkedHashMap.java:713)
	at java.util.LinkedHashMap$LinkedKeyIterator.next(LinkedHashMap.java:734)
	at Testcases.SignInTest.switchChildId(SignInTest.java:97)
	at Testcases.SignInTest.navigateToVersion(SignInTest.java:86)
	at Testcases.OpenIndividualCustomerTest.OpenIndividualCustomer(OpenIndividualCustomerTest.java:171)
	at sun.reflect.GeneratedMethodAccessor9.invoke(Unknown Source)
	at sun.reflect.DelegatingMethodAccessorImpl.invoke(DelegatingMethodAccessorImpl.java:43)
	at java.lang.reflect.Method.invoke(Method.java:497)
	at org.testng.internal.MethodInvocationHelper.invokeMethod(MethodInvocationHelper.java:86)
	at org.testng.internal.Invoker.invokeMethod(Invoker.java:643)
	at org.testng.internal.Invoker.invokeTestMethod(Invoker.java:820)
	at org.testng.internal.Invoker.invokeTestMethods(Invoker.java:1128)
	at org.testng.internal.TestMethodWorker.invokeTestMethods(TestMethodWorker.java:129)
	at org.testng.internal.TestMethodWorker.run(TestMethodWorker.java:112)
	at org.testng.TestRunner.privateRun(TestRunner.java:782)
	at org.testng.TestRunner.run(TestRunner.java:632)
	at org.testng.SuiteRunner.runTest(SuiteRunner.java:366)
	at org.testng.SuiteRunner.runSequentially(SuiteRunner.java:361)
	at org.testng.SuiteRunner.privateRun(SuiteRunner.java:319)
	at org.testng.SuiteRunner.run(SuiteRunner.java:268)
	at org.testng.SuiteRunnerWorker.runSuite(SuiteRunnerWorker.java:52)
	at org.testng.SuiteRunnerWorker.run(SuiteRunnerWorker.java:86)
	at org.testng.TestNG.runSuitesSequentially(TestNG.java:1244)
	at org.testng.TestNG.runSuitesLocally(TestNG.java:1169)
	at org.testng.TestNG.run(TestNG.java:1064)
	at org.testng.remote.RemoteTestNG.run(RemoteTestNG.java:113)
	at org.testng.remote.RemoteTestNG.initAndRun(RemoteTestNG.java:206)
	at org.testng.remote.RemoteTestNG.main(RemoteTestNG.java:177)
</pre></div></td>
<td>17</td>
<td>Testcases.OpenIndividualCustomerTest@3ac3fd8b</td></tr>
<tr>
<td title='Testcases.OpenIndividualCustomerTest.OpenIndividualCustomer()'><b>OpenIndividualCustomer</b><br>Test class: Testcases.OpenIndividualCustomerTest<br>Parameters: 1001, 010101, 999, Identification Card, N, Ha Noi, 19910101, N, VN, VN, 1, VN0010133, 19910101, 1111, 1111, M, Mobile, 0902895585, ngocnv2@vpbank.com.vn</td>
<td><div><pre>org.openqa.selenium.NoSuchElementException: Unable to locate element: {&quot;method&quot;:&quot;xpath&quot;,&quot;selector&quot;:&quot;//td/input[@id=&apos;transactionId&apos;][@type=&apos;hidden&apos;]&quot;}
Command duration or timeout: 10.01 seconds
For documentation on this error, please visit: http://seleniumhq.org/exceptions/no_such_element.html
Build info: version: &apos;2.52.0&apos;, revision: &apos;4c2593cfc3689a7fcd7be52549167e5ccc93ad28&apos;, time: &apos;2016-02-11 11:22:43&apos;
System info: host: &apos;NgocNV2-PC&apos;, ip: &apos;10.39.8.49&apos;, os.name: &apos;Windows 7&apos;, os.arch: &apos;amd64&apos;, os.version: &apos;6.1&apos;, java.version: &apos;1.8.0_45&apos;
Driver info: org.openqa.selenium.firefox.FirefoxDriver
Capabilities [{applicationCacheEnabled=true, rotatable=false, handlesAlerts=true, databaseEnabled=true, version=44.0.2, platform=WINDOWS, nativeEvents=false, acceptSslCerts=true, webStorageEnabled=true, locationContextEnabled=true, browserName=firefox, takesScreenshot=true, javascriptEnabled=true, cssSelectorsEnabled=true}]
Session ID: 9d4723b3-8a65-420e-897d-9a4e210d052d
*** Element info: {Using=xpath, value=//td/input[@id=&apos;transactionId&apos;][@type=&apos;hidden&apos;]}
	at sun.reflect.GeneratedConstructorAccessor28.newInstance(Unknown Source)
	at sun.reflect.DelegatingConstructorAccessorImpl.newInstance(DelegatingConstructorAccessorImpl.java:45)
	at java.lang.reflect.Constructor.newInstance(Constructor.java:422)
	at org.openqa.selenium.remote.ErrorHandler.createThrowable(ErrorHandler.java:206)
	at org.openqa.selenium.remote.ErrorHandler.throwIfResponseFailed(ErrorHandler.java:158)
	at org.openqa.selenium.remote.RemoteWebDriver.execute(RemoteWebDriver.java:678)
	at org.openqa.selenium.remote.RemoteWebDriver.findElement(RemoteWebDriver.java:363)
	at org.openqa.selenium.remote.RemoteWebDriver.findElementByXPath(RemoteWebDriver.java:500)
	at org.openqa.selenium.By$ByXPath.findElement(By.java:361)
	at org.openqa.selenium.remote.RemoteWebDriver.findElement(RemoteWebDriver.java:355)
	at Pages.OpenIndividualCustomerPage.txtCif(OpenIndividualCustomerPage.java:42)
	at Testcases.OpenIndividualCustomerTest.OpenIndividualCustomer(OpenIndividualCustomerTest.java:51)
	at sun.reflect.GeneratedMethodAccessor9.invoke(Unknown Source)
	at sun.reflect.DelegatingMethodAccessorImpl.invoke(DelegatingMethodAccessorImpl.java:43)
	at java.lang.reflect.Method.invoke(Method.java:497)
	at org.testng.internal.MethodInvocationHelper.invokeMethod(MethodInvocationHelper.java:86)
	at org.testng.internal.Invoker.invokeMethod(Invoker.java:643)
	at org.testng.internal.Invoker.invokeTestMethod(Invoker.java:820)
	at org.testng.internal.Invoker.invokeTestMethods(Invoker.java:1128)
	at org.testng.internal.TestMethodWorker.invokeTestMethods(TestMethodWorker.java:129)
	at org.testng.internal.TestMethodWorker.run(TestMethodWorker.java:112)
	at org.testng.TestRunner.privateRun(TestRunner.java:782)
	at org.testng.TestRunner.run(TestRunner.java:632)
	at org.testng.SuiteRunner.runTest(SuiteRunner.java:366)
	at org.testng.SuiteRunner.runSequentially(SuiteRunner.java:361)
	at org.testng.SuiteRunner.privateRun(SuiteRunner.java:319)
	at org.testng.SuiteRunner.run(SuiteRunner.java:268)
	at org.testng.SuiteRunnerWorker.runSuite(SuiteRunnerWorker.java:52)
	at org.testng.SuiteRunnerWorker.run(SuiteRunnerWorker.java:86)
	at org.testng.TestNG.runSuitesSequentially(TestNG.java:1244)
	at org.testng.TestNG.runSuitesLocally(TestNG.java:1169)
	at org.testng.TestNG.run(TestNG.java:1064)
	at org.testng.remote.RemoteTestNG.run(RemoteTestNG.java:113)
	at org.testng.remote.RemoteTestNG.initAndRun(RemoteTestNG.java:206)
	at org.testng.remote.RemoteTestNG.main(RemoteTestNG.java:177)
Caused by: org.openqa.selenium.NoSuchElementException: Unable to locate element: {&quot;method&quot;:&quot;xpath&quot;,&quot;selector&quot;:&quot;//td/input[@id=&apos;transactionId&apos;][@type=&apos;hidden&apos;]&quot;}
For documentation on this error, please visit: http://seleniumhq.org/exceptions/no_such_element.html
Build info: version: &apos;2.52.0&apos;, revision: &apos;4c2593cfc3689a7fcd7be52549167e5ccc93ad28&apos;, time: &apos;2016-02-11 11:22:43&apos;
System info: host: &apos;NgocNV2-PC&apos;, ip: &apos;10.39.8.49&apos;, os.name: &apos;Windows 7&apos;, os.arch: &apos;amd64&apos;, os.version: &apos;6.1&apos;, java.version: &apos;1.8.0_45&apos;
Driver info: driver.version: unknown
	at &lt;anonymous class&gt;.FirefoxDriver.prototype.findElementInternal_(file:///C:/Users/NgocNV2/AppData/Local/Temp/anonymous6583437536307531686webdriver-profile/extensions/fxdriver@googlecode.com/components/driver-component.js:10723)
	at &lt;anonymous class&gt;.fxdriver.Timer.prototype.setTimeout/&lt;.notify(file:///C:/Users/NgocNV2/AppData/Local/Temp/anonymous6583437536307531686webdriver-profile/extensions/fxdriver@googlecode.com/components/driver-component.js:623)
</pre></div><a href='#' onClick='toggleBox("stack-trace313881452", this, "Click to show all stack frames", "Click to hide stack frames")'>Click to show all stack frames</a>
<div class='stack-trace' id='stack-trace313881452'><pre>org.openqa.selenium.NoSuchElementException: Unable to locate element: {&quot;method&quot;:&quot;xpath&quot;,&quot;selector&quot;:&quot;//td/input[@id=&apos;transactionId&apos;][@type=&apos;hidden&apos;]&quot;}
Command duration or timeout: 10.01 seconds
For documentation on this error, please visit: http://seleniumhq.org/exceptions/no_such_element.html
Build info: version: &apos;2.52.0&apos;, revision: &apos;4c2593cfc3689a7fcd7be52549167e5ccc93ad28&apos;, time: &apos;2016-02-11 11:22:43&apos;
System info: host: &apos;NgocNV2-PC&apos;, ip: &apos;10.39.8.49&apos;, os.name: &apos;Windows 7&apos;, os.arch: &apos;amd64&apos;, os.version: &apos;6.1&apos;, java.version: &apos;1.8.0_45&apos;
Driver info: org.openqa.selenium.firefox.FirefoxDriver
Capabilities [{applicationCacheEnabled=true, rotatable=false, handlesAlerts=true, databaseEnabled=true, version=44.0.2, platform=WINDOWS, nativeEvents=false, acceptSslCerts=true, webStorageEnabled=true, locationContextEnabled=true, browserName=firefox, takesScreenshot=true, javascriptEnabled=true, cssSelectorsEnabled=true}]
Session ID: 9d4723b3-8a65-420e-897d-9a4e210d052d
*** Element info: {Using=xpath, value=//td/input[@id=&apos;transactionId&apos;][@type=&apos;hidden&apos;]}
	at sun.reflect.GeneratedConstructorAccessor28.newInstance(Unknown Source)
	at sun.reflect.DelegatingConstructorAccessorImpl.newInstance(DelegatingConstructorAccessorImpl.java:45)
	at java.lang.reflect.Constructor.newInstance(Constructor.java:422)
	at org.openqa.selenium.remote.ErrorHandler.createThrowable(ErrorHandler.java:206)
	at org.openqa.selenium.remote.ErrorHandler.throwIfResponseFailed(ErrorHandler.java:158)
	at org.openqa.selenium.remote.RemoteWebDriver.execute(RemoteWebDriver.java:678)
	at org.openqa.selenium.remote.RemoteWebDriver.findElement(RemoteWebDriver.java:363)
	at org.openqa.selenium.remote.RemoteWebDriver.findElementByXPath(RemoteWebDriver.java:500)
	at org.openqa.selenium.By$ByXPath.findElement(By.java:361)
	at org.openqa.selenium.remote.RemoteWebDriver.findElement(RemoteWebDriver.java:355)
	at Pages.OpenIndividualCustomerPage.txtCif(OpenIndividualCustomerPage.java:42)
	at Testcases.OpenIndividualCustomerTest.OpenIndividualCustomer(OpenIndividualCustomerTest.java:51)
	at sun.reflect.GeneratedMethodAccessor9.invoke(Unknown Source)
	at sun.reflect.DelegatingMethodAccessorImpl.invoke(DelegatingMethodAccessorImpl.java:43)
	at java.lang.reflect.Method.invoke(Method.java:497)
	at org.testng.internal.MethodInvocationHelper.invokeMethod(MethodInvocationHelper.java:86)
	at org.testng.internal.Invoker.invokeMethod(Invoker.java:643)
	at org.testng.internal.Invoker.invokeTestMethod(Invoker.java:820)
	at org.testng.internal.Invoker.invokeTestMethods(Invoker.java:1128)
	at org.testng.internal.TestMethodWorker.invokeTestMethods(TestMethodWorker.java:129)
	at org.testng.internal.TestMethodWorker.run(TestMethodWorker.java:112)
	at org.testng.TestRunner.privateRun(TestRunner.java:782)
	at org.testng.TestRunner.run(TestRunner.java:632)
	at org.testng.SuiteRunner.runTest(SuiteRunner.java:366)
	at org.testng.SuiteRunner.runSequentially(SuiteRunner.java:361)
	at org.testng.SuiteRunner.privateRun(SuiteRunner.java:319)
	at org.testng.SuiteRunner.run(SuiteRunner.java:268)
	at org.testng.SuiteRunnerWorker.runSuite(SuiteRunnerWorker.java:52)
	at org.testng.SuiteRunnerWorker.run(SuiteRunnerWorker.java:86)
	at org.testng.TestNG.runSuitesSequentially(TestNG.java:1244)
	at org.testng.TestNG.runSuitesLocally(TestNG.java:1169)
	at org.testng.TestNG.run(TestNG.java:1064)
	at org.testng.remote.RemoteTestNG.run(RemoteTestNG.java:113)
	at org.testng.remote.RemoteTestNG.initAndRun(RemoteTestNG.java:206)
	at org.testng.remote.RemoteTestNG.main(RemoteTestNG.java:177)
Caused by: org.openqa.selenium.NoSuchElementException: Unable to locate element: {&quot;method&quot;:&quot;xpath&quot;,&quot;selector&quot;:&quot;//td/input[@id=&apos;transactionId&apos;][@type=&apos;hidden&apos;]&quot;}
For documentation on this error, please visit: http://seleniumhq.org/exceptions/no_such_element.html
Build info: version: &apos;2.52.0&apos;, revision: &apos;4c2593cfc3689a7fcd7be52549167e5ccc93ad28&apos;, time: &apos;2016-02-11 11:22:43&apos;
System info: host: &apos;NgocNV2-PC&apos;, ip: &apos;10.39.8.49&apos;, os.name: &apos;Windows 7&apos;, os.arch: &apos;amd64&apos;, os.version: &apos;6.1&apos;, java.version: &apos;1.8.0_45&apos;
Driver info: driver.version: unknown
	at &lt;anonymous class&gt;.FirefoxDriver.prototype.findElementInternal_(file:///C:/Users/NgocNV2/AppData/Local/Temp/anonymous6583437536307531686webdriver-profile/extensions/fxdriver@googlecode.com/components/driver-component.js:10723)
	at &lt;anonymous class&gt;.fxdriver.Timer.prototype.setTimeout/&lt;.notify(file:///C:/Users/NgocNV2/AppData/Local/Temp/anonymous6583437536307531686webdriver-profile/extensions/fxdriver@googlecode.com/components/driver-component.js:623)
</pre></div></td>
<td>11</td>
<td>Testcases.OpenIndividualCustomerTest@3ac3fd8b</td></tr>
<tr>
<td title='Testcases.OpenIndividualCustomerTest.OpenIndividualCustomer()'><b>OpenIndividualCustomer</b><br>Test class: Testcases.OpenIndividualCustomerTest<br>Parameters: 1001, 010101, 999, Identification Card, N, Ha Noi, 19910101, N, VN, VN, 1, VN0010133, 19910101, 1111, 1111, M, Mobile, 0902895585, ngocnv2@vpbank.com.vn</td>
<td><div><pre>java.util.NoSuchElementException
	at java.util.LinkedHashMap$LinkedHashIterator.nextNode(LinkedHashMap.java:713)
	at java.util.LinkedHashMap$LinkedKeyIterator.next(LinkedHashMap.java:734)
	at Testcases.SignInTest.switchChildId(SignInTest.java:97)
	at Testcases.SignInTest.navigateToVersion(SignInTest.java:86)
	at Testcases.OpenIndividualCustomerTest.OpenIndividualCustomer(OpenIndividualCustomerTest.java:171)
	at sun.reflect.GeneratedMethodAccessor9.invoke(Unknown Source)
	at sun.reflect.DelegatingMethodAccessorImpl.invoke(DelegatingMethodAccessorImpl.java:43)
	at java.lang.reflect.Method.invoke(Method.java:497)
	at org.testng.internal.MethodInvocationHelper.invokeMethod(MethodInvocationHelper.java:86)
	at org.testng.internal.Invoker.invokeMethod(Invoker.java:643)
	at org.testng.internal.Invoker.invokeTestMethod(Invoker.java:820)
	at org.testng.internal.Invoker.invokeTestMethods(Invoker.java:1128)
	at org.testng.internal.TestMethodWorker.invokeTestMethods(TestMethodWorker.java:129)
	at org.testng.internal.TestMethodWorker.run(TestMethodWorker.java:112)
	at org.testng.TestRunner.privateRun(TestRunner.java:782)
	at org.testng.TestRunner.run(TestRunner.java:632)
	at org.testng.SuiteRunner.runTest(SuiteRunner.java:366)
	at org.testng.SuiteRunner.runSequentially(SuiteRunner.java:361)
	at org.testng.SuiteRunner.privateRun(SuiteRunner.java:319)
	at org.testng.SuiteRunner.run(SuiteRunner.java:268)
	at org.testng.SuiteRunnerWorker.runSuite(SuiteRunnerWorker.java:52)
	at org.testng.SuiteRunnerWorker.run(SuiteRunnerWorker.java:86)
	at org.testng.TestNG.runSuitesSequentially(TestNG.java:1244)
	at org.testng.TestNG.runSuitesLocally(TestNG.java:1169)
	at org.testng.TestNG.run(TestNG.java:1064)
	at org.testng.remote.RemoteTestNG.run(RemoteTestNG.java:113)
	at org.testng.remote.RemoteTestNG.initAndRun(RemoteTestNG.java:206)
	at org.testng.remote.RemoteTestNG.main(RemoteTestNG.java:177)
</pre></div><a href='#' onClick='toggleBox("stack-trace854719230", this, "Click to show all stack frames", "Click to hide stack frames")'>Click to show all stack frames</a>
<div class='stack-trace' id='stack-trace854719230'><pre>java.util.NoSuchElementException
	at java.util.LinkedHashMap$LinkedHashIterator.nextNode(LinkedHashMap.java:713)
	at java.util.LinkedHashMap$LinkedKeyIterator.next(LinkedHashMap.java:734)
	at Testcases.SignInTest.switchChildId(SignInTest.java:97)
	at Testcases.SignInTest.navigateToVersion(SignInTest.java:86)
	at Testcases.OpenIndividualCustomerTest.OpenIndividualCustomer(OpenIndividualCustomerTest.java:171)
	at sun.reflect.GeneratedMethodAccessor9.invoke(Unknown Source)
	at sun.reflect.DelegatingMethodAccessorImpl.invoke(DelegatingMethodAccessorImpl.java:43)
	at java.lang.reflect.Method.invoke(Method.java:497)
	at org.testng.internal.MethodInvocationHelper.invokeMethod(MethodInvocationHelper.java:86)
	at org.testng.internal.Invoker.invokeMethod(Invoker.java:643)
	at org.testng.internal.Invoker.invokeTestMethod(Invoker.java:820)
	at org.testng.internal.Invoker.invokeTestMethods(Invoker.java:1128)
	at org.testng.internal.TestMethodWorker.invokeTestMethods(TestMethodWorker.java:129)
	at org.testng.internal.TestMethodWorker.run(TestMethodWorker.java:112)
	at org.testng.TestRunner.privateRun(TestRunner.java:782)
	at org.testng.TestRunner.run(TestRunner.java:632)
	at org.testng.SuiteRunner.runTest(SuiteRunner.java:366)
	at org.testng.SuiteRunner.runSequentially(SuiteRunner.java:361)
	at org.testng.SuiteRunner.privateRun(SuiteRunner.java:319)
	at org.testng.SuiteRunner.run(SuiteRunner.java:268)
	at org.testng.SuiteRunnerWorker.runSuite(SuiteRunnerWorker.java:52)
	at org.testng.SuiteRunnerWorker.run(SuiteRunnerWorker.java:86)
	at org.testng.TestNG.runSuitesSequentially(TestNG.java:1244)
	at org.testng.TestNG.runSuitesLocally(TestNG.java:1169)
	at org.testng.TestNG.run(TestNG.java:1064)
	at org.testng.remote.RemoteTestNG.run(RemoteTestNG.java:113)
	at org.testng.remote.RemoteTestNG.initAndRun(RemoteTestNG.java:206)
	at org.testng.remote.RemoteTestNG.main(RemoteTestNG.java:177)
</pre></div></td>
<td>17</td>
<td>Testcases.OpenIndividualCustomerTest@3ac3fd8b</td></tr>
</table><p>
<table width='100%' border='1' class='invocation-passed'>
<tr><td colspan='4' align='center'><b>PASSED TESTS</b></td></tr>
<tr><td><b>Test method</b></td>
<td width="30%"><b>Exception</b></td>
<td width="10%"><b>Time (seconds)</b></td>
<td><b>Instance</b></td>
</tr>
<tr>
<td title='Testcases.OpenIndividualCustomerTest.OpenIndividualCustomer()'><b>OpenIndividualCustomer</b><br>Test class: Testcases.OpenIndividualCustomerTest<br>Parameters: 1001, 010101, 999, Identification Card, N, Ha Noi, 19910101, N, VN, VN, 1, VN0010133, 19910101, 1111, 1111, M, Mobile, 0902895585, ngocnv2@vpbank.com.vn</td>
<td></td>
<td>28</td>
<td>Testcases.OpenIndividualCustomerTest@3ac3fd8b</td></tr>
<tr>
<td title='Testcases.OpenIndividualCustomerTest.OpenIndividualCustomer()'><b>OpenIndividualCustomer</b><br>Test class: Testcases.OpenIndividualCustomerTest<br>Parameters: 1001, 010101, 999, Identification Card, N, Ha Noi, 19910101, N, VN, VN, 1, VN0010133, 19910101, 1111, 1111, M, Mobile, 0902895585, ngocnv2@vpbank.com.vn</td>
<td></td>
<td>21</td>
<td>Testcases.OpenIndividualCustomerTest@3ac3fd8b</td></tr>
<tr>
<td title='Testcases.OpenIndividualCustomerTest.OpenIndividualCustomer()'><b>OpenIndividualCustomer</b><br>Test class: Testcases.OpenIndividualCustomerTest<br>Parameters: 1001, 010101, 999, Identification Card, N, Ha Noi, 19910101, N, VN, VN, 1, VN0010133, 19910101, 1111, 1111, M, Mobile, 0902895585, ngocnv2@vpbank.com.vn</td>
<td></td>
<td>18</td>
<td>Testcases.OpenIndividualCustomerTest@3ac3fd8b</td></tr>
<tr>
<td title='Testcases.OpenIndividualCustomerTest.OpenIndividualCustomer()'><b>OpenIndividualCustomer</b><br>Test class: Testcases.OpenIndividualCustomerTest<br>Parameters: 1001, 010101, 999, Identification Card, N, Ha Noi, 19910101, N, VN, VN, 1, VN0010133, 19910101, 1111, 1111, M, Mobile, 0902895585, ngocnv2@vpbank.com.vn</td>
<td></td>
<td>21</td>
<td>Testcases.OpenIndividualCustomerTest@3ac3fd8b</td></tr>
<tr>
<td title='Testcases.OpenIndividualCustomerTest.OpenIndividualCustomer()'><b>OpenIndividualCustomer</b><br>Test class: Testcases.OpenIndividualCustomerTest<br>Parameters: 1001, 010101, 999, Identification Card, N, Ha Noi, 19910101, N, VN, VN, 1, VN0010133, 19910101, 1111, 1111, M, Mobile, 0902895585, ngocnv2@vpbank.com.vn</td>
<td></td>
<td>18</td>
<td>Testcases.OpenIndividualCustomerTest@3ac3fd8b</td></tr>
<tr>
<td title='Testcases.OpenIndividualCustomerTest.OpenIndividualCustomer()'><b>OpenIndividualCustomer</b><br>Test class: Testcases.OpenIndividualCustomerTest<br>Parameters: 1001, 010101, 999, Identification Card, N, Ha Noi, 19910101, N, VN, VN, 1, VN0010133, 19910101, 1111, 1111, M, Mobile, 0902895585, ngocnv2@vpbank.com.vn</td>
<td></td>
<td>19</td>
<td>Testcases.OpenIndividualCustomerTest@3ac3fd8b</td></tr>
<tr>
<td title='Testcases.OpenIndividualCustomerTest.OpenIndividualCustomer()'><b>OpenIndividualCustomer</b><br>Test class: Testcases.OpenIndividualCustomerTest<br>Parameters: 1001, 010101, 999, Identification Card, N, Ha Noi, 19910101, N, VN, VN, 1, VN0010133, 19910101, 1111, 1111, M, Mobile, 0902895585, ngocnv2@vpbank.com.vn</td>
<td></td>
<td>18</td>
<td>Testcases.OpenIndividualCustomerTest@3ac3fd8b</td></tr>
<tr>
<td title='Testcases.OpenIndividualCustomerTest.OpenIndividualCustomer()'><b>OpenIndividualCustomer</b><br>Test class: Testcases.OpenIndividualCustomerTest<br>Parameters: 1001, 010101, 999, Identification Card, N, Ha Noi, 19910101, N, VN, VN, 1, VN0010133, 19910101, 1111, 1111, M, Mobile, 0902895585, ngocnv2@vpbank.com.vn</td>
<td></td>
<td>19</td>
<td>Testcases.OpenIndividualCustomerTest@3ac3fd8b</td></tr>
<tr>
<td title='Testcases.OpenIndividualCustomerTest.OpenIndividualCustomer()'><b>OpenIndividualCustomer</b><br>Test class: Testcases.OpenIndividualCustomerTest<br>Parameters: 1001, 010101, 999, Identification Card, N, Ha Noi, 19910101, N, VN, VN, 1, VN0010133, 19910101, 1111, 1111, M, Mobile, 0902895585, ngocnv2@vpbank.com.vn</td>
<td></td>
<td>18</td>
<td>Testcases.OpenIndividualCustomerTest@3ac3fd8b</td></tr>
<tr>
<td title='Testcases.OpenIndividualCustomerTest.OpenIndividualCustomer()'><b>OpenIndividualCustomer</b><br>Test class: Testcases.OpenIndividualCustomerTest<br>Parameters: 1001, 010101, 999, Identification Card, N, Ha Noi, 19910101, N, VN, VN, 1, VN0010133, 19910101, 1111, 1111, M, Mobile, 0902895585, ngocnv2@vpbank.com.vn</td>
<td></td>
<td>19</td>
<td>Testcases.OpenIndividualCustomerTest@3ac3fd8b</td></tr>
<tr>
<td title='Testcases.OpenIndividualCustomerTest.OpenIndividualCustomer()'><b>OpenIndividualCustomer</b><br>Test class: Testcases.OpenIndividualCustomerTest<br>Parameters: 1001, 010101, 999, Identification Card, N, Ha Noi, 19910101, N, VN, VN, 1, VN0010133, 19910101, 1111, 1111, M, Mobile, 0902895585, ngocnv2@vpbank.com.vn</td>
<td></td>
<td>19</td>
<td>Testcases.OpenIndividualCustomerTest@3ac3fd8b</td></tr>
<tr>
<td title='Testcases.OpenIndividualCustomerTest.OpenIndividualCustomer()'><b>OpenIndividualCustomer</b><br>Test class: Testcases.OpenIndividualCustomerTest<br>Parameters: 1001, 010101, 999, Identification Card, N, Ha Noi, 19910101, N, VN, VN, 1, VN0010133, 19910101, 1111, 1111, M, Mobile, 0902895585, ngocnv2@vpbank.com.vn</td>
<td></td>
<td>18</td>
<td>Testcases.OpenIndividualCustomerTest@3ac3fd8b</td></tr>
<tr>
<td title='Testcases.OpenIndividualCustomerTest.OpenIndividualCustomer()'><b>OpenIndividualCustomer</b><br>Test class: Testcases.OpenIndividualCustomerTest<br>Parameters: 1001, 010101, 999, Identification Card, N, Ha Noi, 19910101, N, VN, VN, 1, VN0010133, 19910101, 1111, 1111, M, Mobile, 0902895585, ngocnv2@vpbank.com.vn</td>
<td></td>
<td>18</td>
<td>Testcases.OpenIndividualCustomerTest@3ac3fd8b</td></tr>
<tr>
<td title='Testcases.OpenIndividualCustomerTest.OpenIndividualCustomer()'><b>OpenIndividualCustomer</b><br>Test class: Testcases.OpenIndividualCustomerTest<br>Parameters: 1001, 010101, 999, Identification Card, N, Ha Noi, 19910101, N, VN, VN, 1, VN0010133, 19910101, 1111, 1111, M, Mobile, 0902895585, ngocnv2@vpbank.com.vn</td>
<td></td>
<td>19</td>
<td>Testcases.OpenIndividualCustomerTest@3ac3fd8b</td></tr>
<tr>
<td title='Testcases.OpenIndividualCustomerTest.OpenIndividualCustomer()'><b>OpenIndividualCustomer</b><br>Test class: Testcases.OpenIndividualCustomerTest<br>Parameters: 1001, 010101, 999, Identification Card, N, Ha Noi, 19910101, N, VN, VN, 1, VN0010133, 19910101, 1111, 1111, M, Mobile, 0902895585, ngocnv2@vpbank.com.vn</td>
<td></td>
<td>18</td>
<td>Testcases.OpenIndividualCustomerTest@3ac3fd8b</td></tr>
<tr>
<td title='Testcases.OpenIndividualCustomerTest.OpenIndividualCustomer()'><b>OpenIndividualCustomer</b><br>Test class: Testcases.OpenIndividualCustomerTest<br>Parameters: 1001, 010101, 999, Identification Card, N, Ha Noi, 19910101, N, VN, VN, 1, VN0010133, 19910101, 1111, 1111, M, Mobile, 0902895585, ngocnv2@vpbank.com.vn</td>
<td></td>
<td>18</td>
<td>Testcases.OpenIndividualCustomerTest@3ac3fd8b</td></tr>
<tr>
<td title='Testcases.OpenIndividualCustomerTest.OpenIndividualCustomer()'><b>OpenIndividualCustomer</b><br>Test class: Testcases.OpenIndividualCustomerTest<br>Parameters: 1001, 010101, 999, Identification Card, N, Ha Noi, 19910101, N, VN, VN, 1, VN0010133, 19910101, 1111, 1111, M, Mobile, 0902895585, ngocnv2@vpbank.com.vn</td>
<td></td>
<td>18</td>
<td>Testcases.OpenIndividualCustomerTest@3ac3fd8b</td></tr>
<tr>
<td title='Testcases.OpenIndividualCustomerTest.OpenIndividualCustomer()'><b>OpenIndividualCustomer</b><br>Test class: Testcases.OpenIndividualCustomerTest<br>Parameters: 1001, 010101, 999, Identification Card, N, Ha Noi, 19910101, N, VN, VN, 1, VN0010133, 19910101, 1111, 1111, M, Mobile, 0902895585, ngocnv2@vpbank.com.vn</td>
<td></td>
<td>19</td>
<td>Testcases.OpenIndividualCustomerTest@3ac3fd8b</td></tr>
<tr>
<td title='Testcases.OpenIndividualCustomerTest.OpenIndividualCustomer()'><b>OpenIndividualCustomer</b><br>Test class: Testcases.OpenIndividualCustomerTest<br>Parameters: 1001, 010101, 999, Identification Card, N, Ha Noi, 19910101, N, VN, VN, 1, VN0010133, 19910101, 1111, 1111, M, Mobile, 0902895585, ngocnv2@vpbank.com.vn</td>
<td></td>
<td>18</td>
<td>Testcases.OpenIndividualCustomerTest@3ac3fd8b</td></tr>
<tr>
<td title='Testcases.OpenIndividualCustomerTest.OpenIndividualCustomer()'><b>OpenIndividualCustomer</b><br>Test class: Testcases.OpenIndividualCustomerTest<br>Parameters: 1001, 010101, 999, Identification Card, N, Ha Noi, 19910101, N, VN, VN, 1, VN0010133, 19910101, 1111, 1111, M, Mobile, 0902895585, ngocnv2@vpbank.com.vn</td>
<td></td>
<td>19</td>
<td>Testcases.OpenIndividualCustomerTest@3ac3fd8b</td></tr>
<tr>
<td title='Testcases.OpenIndividualCustomerTest.OpenIndividualCustomer()'><b>OpenIndividualCustomer</b><br>Test class: Testcases.OpenIndividualCustomerTest<br>Parameters: 1001, 010101, 999, Identification Card, N, Ha Noi, 19910101, N, VN, VN, 1, VN0010133, 19910101, 1111, 1111, M, Mobile, 0902895585, ngocnv2@vpbank.com.vn</td>
<td></td>
<td>19</td>
<td>Testcases.OpenIndividualCustomerTest@3ac3fd8b</td></tr>
<tr>
<td title='Testcases.OpenIndividualCustomerTest.OpenIndividualCustomer()'><b>OpenIndividualCustomer</b><br>Test class: Testcases.OpenIndividualCustomerTest<br>Parameters: 1001, 010101, 999, Identification Card, N, Ha Noi, 19910101, N, VN, VN, 1, VN0010133, 19910101, 1111, 1111, M, Mobile, 0902895585, ngocnv2@vpbank.com.vn</td>
<td></td>
<td>19</td>
<td>Testcases.OpenIndividualCustomerTest@3ac3fd8b</td></tr>
<tr>
<td title='Testcases.OpenIndividualCustomerTest.OpenIndividualCustomer()'><b>OpenIndividualCustomer</b><br>Test class: Testcases.OpenIndividualCustomerTest<br>Parameters: 1001, 010101, 999, Identification Card, N, Ha Noi, 19910101, N, VN, VN, 1, VN0010133, 19910101, 1111, 1111, M, Mobile, 0902895585, ngocnv2@vpbank.com.vn</td>
<td></td>
<td>19</td>
<td>Testcases.OpenIndividualCustomerTest@3ac3fd8b</td></tr>
<tr>
<td title='Testcases.OpenIndividualCustomerTest.OpenIndividualCustomer()'><b>OpenIndividualCustomer</b><br>Test class: Testcases.OpenIndividualCustomerTest<br>Parameters: 1001, 010101, 999, Identification Card, N, Ha Noi, 19910101, N, VN, VN, 1, VN0010133, 19910101, 1111, 1111, M, Mobile, 0902895585, ngocnv2@vpbank.com.vn</td>
<td></td>
<td>18</td>
<td>Testcases.OpenIndividualCustomerTest@3ac3fd8b</td></tr>
<tr>
<td title='Testcases.OpenIndividualCustomerTest.OpenIndividualCustomer()'><b>OpenIndividualCustomer</b><br>Test class: Testcases.OpenIndividualCustomerTest<br>Parameters: 1001, 010101, 999, Identification Card, N, Ha Noi, 19910101, N, VN, VN, 1, VN0010133, 19910101, 1111, 1111, M, Mobile, 0902895585, ngocnv2@vpbank.com.vn</td>
<td></td>
<td>18</td>
<td>Testcases.OpenIndividualCustomerTest@3ac3fd8b</td></tr>
<tr>
<td title='Testcases.OpenIndividualCustomerTest.OpenIndividualCustomer()'><b>OpenIndividualCustomer</b><br>Test class: Testcases.OpenIndividualCustomerTest<br>Parameters: 1001, 010101, 999, Identification Card, N, Ha Noi, 19910101, N, VN, VN, 1, VN0010133, 19910101, 1111, 1111, M, Mobile, 0902895585, ngocnv2@vpbank.com.vn</td>
<td></td>
<td>18</td>
<td>Testcases.OpenIndividualCustomerTest@3ac3fd8b</td></tr>
<tr>
<td title='Testcases.OpenIndividualCustomerTest.OpenIndividualCustomer()'><b>OpenIndividualCustomer</b><br>Test class: Testcases.OpenIndividualCustomerTest<br>Parameters: 1001, 010101, 999, Identification Card, N, Ha Noi, 19910101, N, VN, VN, 1, VN0010133, 19910101, 1111, 1111, M, Mobile, 0902895585, ngocnv2@vpbank.com.vn</td>
<td></td>
<td>18</td>
<td>Testcases.OpenIndividualCustomerTest@3ac3fd8b</td></tr>
<tr>
<td title='Testcases.OpenIndividualCustomerTest.OpenIndividualCustomer()'><b>OpenIndividualCustomer</b><br>Test class: Testcases.OpenIndividualCustomerTest<br>Parameters: 1001, 010101, 999, Identification Card, N, Ha Noi, 19910101, N, VN, VN, 1, VN0010133, 19910101, 1111, 1111, M, Mobile, 0902895585, ngocnv2@vpbank.com.vn</td>
<td></td>
<td>19</td>
<td>Testcases.OpenIndividualCustomerTest@3ac3fd8b</td></tr>
<tr>
<td title='Testcases.OpenIndividualCustomerTest.OpenIndividualCustomer()'><b>OpenIndividualCustomer</b><br>Test class: Testcases.OpenIndividualCustomerTest<br>Parameters: 1001, 010101, 999, Identification Card, N, Ha Noi, 19910101, N, VN, VN, 1, VN0010133, 19910101, 1111, 1111, M, Mobile, 0902895585, ngocnv2@vpbank.com.vn</td>
<td></td>
<td>18</td>
<td>Testcases.OpenIndividualCustomerTest@3ac3fd8b</td></tr>
<tr>
<td title='Testcases.OpenIndividualCustomerTest.OpenIndividualCustomer()'><b>OpenIndividualCustomer</b><br>Test class: Testcases.OpenIndividualCustomerTest<br>Parameters: 1001, 010101, 999, Identification Card, N, Ha Noi, 19910101, N, VN, VN, 1, VN0010133, 19910101, 1111, 1111, M, Mobile, 0902895585, ngocnv2@vpbank.com.vn</td>
<td></td>
<td>18</td>
<td>Testcases.OpenIndividualCustomerTest@3ac3fd8b</td></tr>
<tr>
<td title='Testcases.OpenIndividualCustomerTest.OpenIndividualCustomer()'><b>OpenIndividualCustomer</b><br>Test class: Testcases.OpenIndividualCustomerTest<br>Parameters: 1001, 010101, 999, Identification Card, N, Ha Noi, 19910101, N, VN, VN, 1, VN0010133, 19910101, 1111, 1111, M, Mobile, 0902895585, ngocnv2@vpbank.com.vn</td>
<td></td>
<td>19</td>
<td>Testcases.OpenIndividualCustomerTest@3ac3fd8b</td></tr>
<tr>
<td title='Testcases.OpenIndividualCustomerTest.OpenIndividualCustomer()'><b>OpenIndividualCustomer</b><br>Test class: Testcases.OpenIndividualCustomerTest<br>Parameters: 1001, 010101, 999, Identification Card, N, Ha Noi, 19910101, N, VN, VN, 1, VN0010133, 19910101, 1111, 1111, M, Mobile, 0902895585, ngocnv2@vpbank.com.vn</td>
<td></td>
<td>18</td>
<td>Testcases.OpenIndividualCustomerTest@3ac3fd8b</td></tr>
<tr>
<td title='Testcases.OpenIndividualCustomerTest.OpenIndividualCustomer()'><b>OpenIndividualCustomer</b><br>Test class: Testcases.OpenIndividualCustomerTest<br>Parameters: 1001, 010101, 999, Identification Card, N, Ha Noi, 19910101, N, VN, VN, 1, VN0010133, 19910101, 1111, 1111, M, Mobile, 0902895585, ngocnv2@vpbank.com.vn</td>
<td></td>
<td>19</td>
<td>Testcases.OpenIndividualCustomerTest@3ac3fd8b</td></tr>
<tr>
<td title='Testcases.OpenIndividualCustomerTest.OpenIndividualCustomer()'><b>OpenIndividualCustomer</b><br>Test class: Testcases.OpenIndividualCustomerTest<br>Parameters: 1001, 010101, 999, Identification Card, N, Ha Noi, 19910101, N, VN, VN, 1, VN0010133, 19910101, 1111, 1111, M, Mobile, 0902895585, ngocnv2@vpbank.com.vn</td>
<td></td>
<td>18</td>
<td>Testcases.OpenIndividualCustomerTest@3ac3fd8b</td></tr>
<tr>
<td title='Testcases.OpenIndividualCustomerTest.OpenIndividualCustomer()'><b>OpenIndividualCustomer</b><br>Test class: Testcases.OpenIndividualCustomerTest<br>Parameters: 1001, 010101, 999, Identification Card, N, Ha Noi, 19910101, N, VN, VN, 1, VN0010133, 19910101, 1111, 1111, M, Mobile, 0902895585, ngocnv2@vpbank.com.vn</td>
<td></td>
<td>18</td>
<td>Testcases.OpenIndividualCustomerTest@3ac3fd8b</td></tr>
<tr>
<td title='Testcases.OpenIndividualCustomerTest.OpenIndividualCustomer()'><b>OpenIndividualCustomer</b><br>Test class: Testcases.OpenIndividualCustomerTest<br>Parameters: 1001, 010101, 999, Identification Card, N, Ha Noi, 19910101, N, VN, VN, 1, VN0010133, 19910101, 1111, 1111, M, Mobile, 0902895585, ngocnv2@vpbank.com.vn</td>
<td></td>
<td>18</td>
<td>Testcases.OpenIndividualCustomerTest@3ac3fd8b</td></tr>
<tr>
<td title='Testcases.OpenIndividualCustomerTest.OpenIndividualCustomer()'><b>OpenIndividualCustomer</b><br>Test class: Testcases.OpenIndividualCustomerTest<br>Parameters: 1001, 010101, 999, Identification Card, N, Ha Noi, 19910101, N, VN, VN, 1, VN0010133, 19910101, 1111, 1111, M, Mobile, 0902895585, ngocnv2@vpbank.com.vn</td>
<td></td>
<td>18</td>
<td>Testcases.OpenIndividualCustomerTest@3ac3fd8b</td></tr>
<tr>
<td title='Testcases.OpenIndividualCustomerTest.OpenIndividualCustomer()'><b>OpenIndividualCustomer</b><br>Test class: Testcases.OpenIndividualCustomerTest<br>Parameters: 1001, 010101, 999, Identification Card, N, Ha Noi, 19910101, N, VN, VN, 1, VN0010133, 19910101, 1111, 1111, M, Mobile, 0902895585, ngocnv2@vpbank.com.vn</td>
<td></td>
<td>18</td>
<td>Testcases.OpenIndividualCustomerTest@3ac3fd8b</td></tr>
<tr>
<td title='Testcases.OpenIndividualCustomerTest.OpenIndividualCustomer()'><b>OpenIndividualCustomer</b><br>Test class: Testcases.OpenIndividualCustomerTest<br>Parameters: 1001, 010101, 999, Identification Card, N, Ha Noi, 19910101, N, VN, VN, 1, VN0010133, 19910101, 1111, 1111, M, Mobile, 0902895585, ngocnv2@vpbank.com.vn</td>
<td></td>
<td>19</td>
<td>Testcases.OpenIndividualCustomerTest@3ac3fd8b</td></tr>
<tr>
<td title='Testcases.OpenIndividualCustomerTest.OpenIndividualCustomer()'><b>OpenIndividualCustomer</b><br>Test class: Testcases.OpenIndividualCustomerTest<br>Parameters: 1001, 010101, 999, Identification Card, N, Ha Noi, 19910101, N, VN, VN, 1, VN0010133, 19910101, 1111, 1111, M, Mobile, 0902895585, ngocnv2@vpbank.com.vn</td>
<td></td>
<td>19</td>
<td>Testcases.OpenIndividualCustomerTest@3ac3fd8b</td></tr>
<tr>
<td title='Testcases.OpenIndividualCustomerTest.OpenIndividualCustomer()'><b>OpenIndividualCustomer</b><br>Test class: Testcases.OpenIndividualCustomerTest<br>Parameters: 1001, 010101, 999, Identification Card, N, Ha Noi, 19910101, N, VN, VN, 1, VN0010133, 19910101, 1111, 1111, M, Mobile, 0902895585, ngocnv2@vpbank.com.vn</td>
<td></td>
<td>19</td>
<td>Testcases.OpenIndividualCustomerTest@3ac3fd8b</td></tr>
<tr>
<td title='Testcases.OpenIndividualCustomerTest.OpenIndividualCustomer()'><b>OpenIndividualCustomer</b><br>Test class: Testcases.OpenIndividualCustomerTest<br>Parameters: 1001, 010101, 999, Identification Card, N, Ha Noi, 19910101, N, VN, VN, 1, VN0010133, 19910101, 1111, 1111, M, Mobile, 0902895585, ngocnv2@vpbank.com.vn</td>
<td></td>
<td>19</td>
<td>Testcases.OpenIndividualCustomerTest@3ac3fd8b</td></tr>
<tr>
<td title='Testcases.OpenIndividualCustomerTest.OpenIndividualCustomer()'><b>OpenIndividualCustomer</b><br>Test class: Testcases.OpenIndividualCustomerTest<br>Parameters: 1001, 010101, 999, Identification Card, N, Ha Noi, 19910101, N, VN, VN, 1, VN0010133, 19910101, 1111, 1111, M, Mobile, 0902895585, ngocnv2@vpbank.com.vn</td>
<td></td>
<td>18</td>
<td>Testcases.OpenIndividualCustomerTest@3ac3fd8b</td></tr>
</table><p>
</body>
</html>