<?xml version="1.0" encoding="UTF-8"?>
<testng-results skipped="0" failed="1" total="1" passed="0">
  <reporter-output>
  </reporter-output>
  <suite name="Default suite" duration-ms="34073" started-at="2016-03-23T03:57:07Z" finished-at="2016-03-23T03:57:41Z">
    <groups>
    </groups>
    <test name="Default test" duration-ms="34073" started-at="2016-03-23T03:57:07Z" finished-at="2016-03-23T03:57:41Z">
      <class name="Testcases.OpenAzSavingTest">
        <test-method status="PASS" signature="setUp()[pri:0, instance:Testcases.OpenAzSavingTest@5e025e70]" name="setUp" is-config="true" duration-ms="2585" started-at="2016-03-23T10:57:07Z" finished-at="2016-03-23T10:57:09Z">
          <reporter-output>
          </reporter-output>
        </test-method> <!-- setUp -->
        <test-method status="FAIL" signature="openSavingAccount(java.lang.String, java.lang.String, java.lang.String, java.lang.String, java.lang.String, java.lang.String, java.lang.String, java.lang.String, java.lang.String, java.lang.String, java.lang.String, java.lang.String, java.lang.String, java.lang.String, java.lang.String, java.lang.String, java.lang.String, java.lang.String, java.lang.String)[pri:0, instance:Testcases.OpenAzSavingTest@5e025e70]" name="openSavingAccount" duration-ms="31046" started-at="2016-03-23T10:57:09Z" data-provider="DataSource" finished-at="2016-03-23T10:57:41Z">
          <params>
            <param index="0">
              <value>
                <![CDATA[1]]>
              </value>
            </param>
            <param index="1">
              <value>
                <![CDATA[2385509]]>
              </value>
            </param>
            <param index="2">
              <value>
                <![CDATA[6601]]>
              </value>
            </param>
            <param index="3">
              <value>
                <![CDATA[USD]]>
              </value>
            </param>
            <param index="4">
              <value>
                <![CDATA[TD1002]]>
              </value>
            </param>
            <param index="5">
              <value>
                <![CDATA[500M]]>
              </value>
            </param>
            <param index="6">
              <value>
                <![CDATA[20160118]]>
              </value>
            </param>
            <param index="7">
              <value>
                <![CDATA[6M]]>
              </value>
            </param>
            <param index="8">
              <value>
                <![CDATA[6M]]>
              </value>
            </param>
            <param index="9">
              <value>
                <![CDATA[VND14033]]>
              </value>
            </param>
            <param index="10">
              <value>
                <![CDATA[90085689]]>
              </value>
            </param>
            <param index="11">
              <value>
                <![CDATA[5]]>
              </value>
            </param>
            <param index="12">
              <value>
                <![CDATA[1111]]>
              </value>
            </param>
            <param index="13">
              <value>
                <![CDATA[0902895585]]>
              </value>
            </param>
            <param index="14">
              <value is-null="true"/>
            </param>
            <param index="15">
              <value>
                <![CDATA[20151121]]>
              </value>
            </param>
            <param index="16">
              <value>
                <![CDATA[0.1]]>
              </value>
            </param>
            <param index="17">
              <value>
                <![CDATA[100000]]>
              </value>
            </param>
            <param index="18">
              <value>
                <![CDATA[90085328]]>
              </value>
            </param>
          </params>
          <exception class="org.openqa.selenium.NoSuchElementException">
            <message>
              <![CDATA[Unable to locate element: {"method":"class name","selector":"message"}
Command duration or timeout: 10.04 seconds
For documentation on this error, please visit: http://seleniumhq.org/exceptions/no_such_element.html
Build info: version: '2.53.0', revision: '35ae25b1534ae328c771e0856c93e187490ca824', time: '2016-03-15 10:43:46'
System info: host: 'NgocNV2-PC', ip: '10.39.8.130', os.name: 'Windows 7', os.arch: 'amd64', os.version: '6.1', java.version: '1.8.0_45'
Driver info: org.openqa.selenium.firefox.FirefoxDriver
Capabilities [{applicationCacheEnabled=true, rotatable=false, handlesAlerts=true, databaseEnabled=true, version=44.0.2, platform=WINDOWS, nativeEvents=false, acceptSslCerts=true, webStorageEnabled=true, locationContextEnabled=true, browserName=firefox, takesScreenshot=true, javascriptEnabled=true, cssSelectorsEnabled=true}]
Session ID: ad109bc1-ea5d-4481-a1c8-e0b702cb3d01
*** Element info: {Using=class name, value=message}]]>
            </message>
            <full-stacktrace>
              <![CDATA[org.openqa.selenium.NoSuchElementException: Unable to locate element: {"method":"class name","selector":"message"}
Command duration or timeout: 10.04 seconds
For documentation on this error, please visit: http://seleniumhq.org/exceptions/no_such_element.html
Build info: version: '2.53.0', revision: '35ae25b1534ae328c771e0856c93e187490ca824', time: '2016-03-15 10:43:46'
System info: host: 'NgocNV2-PC', ip: '10.39.8.130', os.name: 'Windows 7', os.arch: 'amd64', os.version: '6.1', java.version: '1.8.0_45'
Driver info: org.openqa.selenium.firefox.FirefoxDriver
Capabilities [{applicationCacheEnabled=true, rotatable=false, handlesAlerts=true, databaseEnabled=true, version=44.0.2, platform=WINDOWS, nativeEvents=false, acceptSslCerts=true, webStorageEnabled=true, locationContextEnabled=true, browserName=firefox, takesScreenshot=true, javascriptEnabled=true, cssSelectorsEnabled=true}]
Session ID: ad109bc1-ea5d-4481-a1c8-e0b702cb3d01
*** Element info: {Using=class name, value=message}
	at sun.reflect.NativeConstructorAccessorImpl.newInstance0(Native Method)
	at sun.reflect.NativeConstructorAccessorImpl.newInstance(NativeConstructorAccessorImpl.java:62)
	at sun.reflect.DelegatingConstructorAccessorImpl.newInstance(DelegatingConstructorAccessorImpl.java:45)
	at java.lang.reflect.Constructor.newInstance(Constructor.java:422)
	at org.openqa.selenium.remote.ErrorHandler.createThrowable(ErrorHandler.java:206)
	at org.openqa.selenium.remote.ErrorHandler.throwIfResponseFailed(ErrorHandler.java:158)
	at org.openqa.selenium.remote.RemoteWebDriver.execute(RemoteWebDriver.java:678)
	at org.openqa.selenium.remote.RemoteWebDriver.findElement(RemoteWebDriver.java:363)
	at org.openqa.selenium.remote.RemoteWebDriver.findElementByClassName(RemoteWebDriver.java:477)
	at org.openqa.selenium.By$ByClassName.findElement(By.java:391)
	at org.openqa.selenium.remote.RemoteWebDriver.findElement(RemoteWebDriver.java:355)
	at Pages.OpenAzSavingPage.lblResult(OpenAzSavingPage.java:243)
	at Testcases.OpenAzSavingTest.openFixed(OpenAzSavingTest.java:184)
	at Testcases.OpenAzSavingTest.timeDepositWithNr(OpenAzSavingTest.java:102)
	at Testcases.OpenAzSavingTest.openSavingAccount(OpenAzSavingTest.java:63)
	at sun.reflect.NativeMethodAccessorImpl.invoke0(Native Method)
	at sun.reflect.NativeMethodAccessorImpl.invoke(NativeMethodAccessorImpl.java:62)
	at sun.reflect.DelegatingMethodAccessorImpl.invoke(DelegatingMethodAccessorImpl.java:43)
	at java.lang.reflect.Method.invoke(Method.java:497)
	at org.testng.internal.MethodInvocationHelper.invokeMethod(MethodInvocationHelper.java:86)
	at org.testng.internal.Invoker.invokeMethod(Invoker.java:643)
	at org.testng.internal.Invoker.invokeTestMethod(Invoker.java:820)
	at org.testng.internal.Invoker.invokeTestMethods(Invoker.java:1128)
	at org.testng.internal.TestMethodWorker.invokeTestMethods(TestMethodWorker.java:129)
	at org.testng.internal.TestMethodWorker.run(TestMethodWorker.java:112)
	at org.testng.TestRunner.privateRun(TestRunner.java:782)
	at org.testng.TestRunner.run(TestRunner.java:632)
	at org.testng.SuiteRunner.runTest(SuiteRunner.java:366)
	at org.testng.SuiteRunner.runSequentially(SuiteRunner.java:361)
	at org.testng.SuiteRunner.privateRun(SuiteRunner.java:319)
	at org.testng.SuiteRunner.run(SuiteRunner.java:268)
	at org.testng.SuiteRunnerWorker.runSuite(SuiteRunnerWorker.java:52)
	at org.testng.SuiteRunnerWorker.run(SuiteRunnerWorker.java:86)
	at org.testng.TestNG.runSuitesSequentially(TestNG.java:1244)
	at org.testng.TestNG.runSuitesLocally(TestNG.java:1169)
	at org.testng.TestNG.run(TestNG.java:1064)
	at org.testng.remote.RemoteTestNG.run(RemoteTestNG.java:113)
	at org.testng.remote.RemoteTestNG.initAndRun(RemoteTestNG.java:206)
	at org.testng.remote.RemoteTestNG.main(RemoteTestNG.java:177)
Caused by: org.openqa.selenium.NoSuchElementException: Unable to locate element: {"method":"class name","selector":"message"}
For documentation on this error, please visit: http://seleniumhq.org/exceptions/no_such_element.html
Build info: version: '2.53.0', revision: '35ae25b1534ae328c771e0856c93e187490ca824', time: '2016-03-15 10:43:46'
System info: host: 'NgocNV2-PC', ip: '10.39.8.130', os.name: 'Windows 7', os.arch: 'amd64', os.version: '6.1', java.version: '1.8.0_45'
Driver info: driver.version: unknown
	at <anonymous class>.FirefoxDriver.prototype.findElementInternal_(file:///C:/Users/NgocNV2/AppData/Local/Temp/anonymous3036236654670218410webdriver-profile/extensions/fxdriver@googlecode.com/components/driver-component.js:10770)
	at <anonymous class>.fxdriver.Timer.prototype.setTimeout/<.notify(file:///C:/Users/NgocNV2/AppData/Local/Temp/anonymous3036236654670218410webdriver-profile/extensions/fxdriver@googlecode.com/components/driver-component.js:625)
]]>
            </full-stacktrace>
          </exception> <!-- org.openqa.selenium.NoSuchElementException -->
          <reporter-output>
          </reporter-output>
        </test-method> <!-- openSavingAccount -->
        <test-method status="PASS" signature="tearDown()[pri:0, instance:Testcases.OpenAzSavingTest@5e025e70]" name="tearDown" is-config="true" duration-ms="225" started-at="2016-03-23T10:57:41Z" finished-at="2016-03-23T10:57:41Z">
          <reporter-output>
          </reporter-output>
        </test-method> <!-- tearDown -->
      </class> <!-- Testcases.OpenAzSavingTest -->
    </test> <!-- Default test -->
  </suite> <!-- Default suite -->
</testng-results>
