<?xml version="1.0" encoding="UTF-8"?>
<!-- Generated by org.testng.reporters.JUnitReportReporter -->
<testsuite hostname="NgocNV2-PC" name="Testcases.FundTransferTest" tests="59" failures="0" timestamp="15 Mar 2016 08:19:56 GMT" time="1170.388" errors="1">
  <testcase name="fundTransfer" time="18.882" classname="Testcases.FundTransferTest"/>
  <testcase name="fundTransfer" time="19.798" classname="Testcases.FundTransferTest"/>
  <testcase name="fundTransfer" time="18.636" classname="Testcases.FundTransferTest"/>
  <testcase name="fundTransfer" time="20.625" classname="Testcases.FundTransferTest"/>
  <testcase name="fundTransfer" time="19.339" classname="Testcases.FundTransferTest"/>
  <testcase name="fundTransfer" time="15.395" classname="Testcases.FundTransferTest">
    <error type="org.openqa.selenium.NoSuchElementException" message="Unable to locate element: {&quot;method&quot;:&quot;id&quot;,&quot;selector&quot;:&quot;fieldName:TRANSACTION.TYPE&quot;}
Command duration or timeout: 10.03 seconds
For documentation on this error, please visit: http://seleniumhq.org/exceptions/no_such_element.html
Build info: version: &#039;2.52.0&#039;, revision: &#039;4c2593cfc3689a7fcd7be52549167e5ccc93ad28&#039;, time: &#039;2016-02-11 11:22:43&#039;
System info: host: &#039;NgocNV2-PC&#039;, ip: &#039;10.39.8.49&#039;, os.name: &#039;Windows 7&#039;, os.arch: &#039;amd64&#039;, os.version: &#039;6.1&#039;, java.version: &#039;1.8.0_45&#039;
Driver info: org.openqa.selenium.firefox.FirefoxDriver
Capabilities [{applicationCacheEnabled=true, rotatable=false, handlesAlerts=true, databaseEnabled=true, version=44.0.2, platform=WINDOWS, nativeEvents=false, acceptSslCerts=true, webStorageEnabled=true, locationContextEnabled=true, browserName=firefox, takesScreenshot=true, javascriptEnabled=true, cssSelectorsEnabled=true}]
Session ID: 25e675f4-cf60-4259-a3aa-93b07dc7b35a
*** Element info: {Using=id, value=fieldName:TRANSACTION.TYPE}">
      <![CDATA[org.openqa.selenium.NoSuchElementException: Unable to locate element: {"method":"id","selector":"fieldName:TRANSACTION.TYPE"}
Command duration or timeout: 10.03 seconds
For documentation on this error, please visit: http://seleniumhq.org/exceptions/no_such_element.html
Build info: version: '2.52.0', revision: '4c2593cfc3689a7fcd7be52549167e5ccc93ad28', time: '2016-02-11 11:22:43'
System info: host: 'NgocNV2-PC', ip: '10.39.8.49', os.name: 'Windows 7', os.arch: 'amd64', os.version: '6.1', java.version: '1.8.0_45'
Driver info: org.openqa.selenium.firefox.FirefoxDriver
Capabilities [{applicationCacheEnabled=true, rotatable=false, handlesAlerts=true, databaseEnabled=true, version=44.0.2, platform=WINDOWS, nativeEvents=false, acceptSslCerts=true, webStorageEnabled=true, locationContextEnabled=true, browserName=firefox, takesScreenshot=true, javascriptEnabled=true, cssSelectorsEnabled=true}]
Session ID: 25e675f4-cf60-4259-a3aa-93b07dc7b35a
*** Element info: {Using=id, value=fieldName:TRANSACTION.TYPE}
	at sun.reflect.NativeConstructorAccessorImpl.newInstance0(Native Method)
	at sun.reflect.NativeConstructorAccessorImpl.newInstance(NativeConstructorAccessorImpl.java:62)
	at sun.reflect.DelegatingConstructorAccessorImpl.newInstance(DelegatingConstructorAccessorImpl.java:45)
	at java.lang.reflect.Constructor.newInstance(Constructor.java:422)
	at org.openqa.selenium.remote.ErrorHandler.createThrowable(ErrorHandler.java:206)
	at org.openqa.selenium.remote.ErrorHandler.throwIfResponseFailed(ErrorHandler.java:158)
	at org.openqa.selenium.remote.RemoteWebDriver.execute(RemoteWebDriver.java:678)
	at org.openqa.selenium.remote.RemoteWebDriver.findElement(RemoteWebDriver.java:363)
	at org.openqa.selenium.remote.RemoteWebDriver.findElementById(RemoteWebDriver.java:413)
	at org.openqa.selenium.By$ById.findElement(By.java:218)
	at org.openqa.selenium.remote.RemoteWebDriver.findElement(RemoteWebDriver.java:355)
	at Pages.FundTransferPage.txtTransferType(FundTransferPage.java:36)
	at Testcases.FundTransferTest.fundTransfer(FundTransferTest.java:51)
	at sun.reflect.NativeMethodAccessorImpl.invoke0(Native Method)
	at sun.reflect.NativeMethodAccessorImpl.invoke(NativeMethodAccessorImpl.java:62)
	at sun.reflect.DelegatingMethodAccessorImpl.invoke(DelegatingMethodAccessorImpl.java:43)
	at java.lang.reflect.Method.invoke(Method.java:497)
	at org.testng.internal.MethodInvocationHelper.invokeMethod(MethodInvocationHelper.java:86)
	at org.testng.internal.Invoker.invokeMethod(Invoker.java:643)
	at org.testng.internal.Invoker.invokeTestMethod(Invoker.java:820)
	at org.testng.internal.Invoker.invokeTestMethods(Invoker.java:1128)
	at org.testng.internal.TestMethodWorker.invokeTestMethods(TestMethodWorker.java:129)
	at org.testng.internal.TestMethodWorker.run(TestMethodWorker.java:112)
	at org.testng.TestRunner.privateRun(TestRunner.java:782)
	at org.testng.TestRunner.run(TestRunner.java:632)
	at org.testng.SuiteRunner.runTest(SuiteRunner.java:366)
	at org.testng.SuiteRunner.runSequentially(SuiteRunner.java:361)
	at org.testng.SuiteRunner.privateRun(SuiteRunner.java:319)
	at org.testng.SuiteRunner.run(SuiteRunner.java:268)
	at org.testng.SuiteRunnerWorker.runSuite(SuiteRunnerWorker.java:52)
	at org.testng.SuiteRunnerWorker.run(SuiteRunnerWorker.java:86)
	at org.testng.TestNG.runSuitesSequentially(TestNG.java:1244)
	at org.testng.TestNG.runSuitesLocally(TestNG.java:1169)
	at org.testng.TestNG.run(TestNG.java:1064)
	at org.testng.remote.RemoteTestNG.run(RemoteTestNG.java:113)
	at org.testng.remote.RemoteTestNG.initAndRun(RemoteTestNG.java:206)
	at org.testng.remote.RemoteTestNG.main(RemoteTestNG.java:177)
Caused by: org.openqa.selenium.NoSuchElementException: Unable to locate element: {"method":"id","selector":"fieldName:TRANSACTION.TYPE"}
For documentation on this error, please visit: http://seleniumhq.org/exceptions/no_such_element.html
Build info: version: '2.52.0', revision: '4c2593cfc3689a7fcd7be52549167e5ccc93ad28', time: '2016-02-11 11:22:43'
System info: host: 'NgocNV2-PC', ip: '10.39.8.49', os.name: 'Windows 7', os.arch: 'amd64', os.version: '6.1', java.version: '1.8.0_45'
Driver info: driver.version: unknown
	at <anonymous class>.FirefoxDriver.prototype.findElementInternal_(file:///C:/Users/NgocNV2/AppData/Local/Temp/anonymous3240340025061912426webdriver-profile/extensions/fxdriver@googlecode.com/components/driver-component.js:10723)
	at <anonymous class>.fxdriver.Timer.prototype.setTimeout/<.notify(file:///C:/Users/NgocNV2/AppData/Local/Temp/anonymous3240340025061912426webdriver-profile/extensions/fxdriver@googlecode.com/components/driver-component.js:623)
]]>
    </error>
  </testcase> <!-- fundTransfer -->
  <testcase name="fundTransfer" time="20.263" classname="Testcases.FundTransferTest"/>
  <testcase name="fundTransfer" time="25.773" classname="Testcases.FundTransferTest"/>
  <testcase name="fundTransfer" time="20.433" classname="Testcases.FundTransferTest"/>
  <testcase name="fundTransfer" time="19.430" classname="Testcases.FundTransferTest"/>
  <testcase name="fundTransfer" time="21.568" classname="Testcases.FundTransferTest"/>
  <testcase name="fundTransfer" time="20.700" classname="Testcases.FundTransferTest"/>
  <testcase name="fundTransfer" time="19.269" classname="Testcases.FundTransferTest"/>
  <testcase name="fundTransfer" time="18.389" classname="Testcases.FundTransferTest"/>
  <testcase name="fundTransfer" time="18.541" classname="Testcases.FundTransferTest"/>
  <testcase name="fundTransfer" time="18.379" classname="Testcases.FundTransferTest"/>
  <testcase name="fundTransfer" time="19.202" classname="Testcases.FundTransferTest"/>
  <testcase name="fundTransfer" time="19.800" classname="Testcases.FundTransferTest"/>
  <testcase name="fundTransfer" time="18.520" classname="Testcases.FundTransferTest"/>
  <testcase name="fundTransfer" time="20.747" classname="Testcases.FundTransferTest"/>
  <testcase name="fundTransfer" time="18.776" classname="Testcases.FundTransferTest"/>
  <testcase name="fundTransfer" time="18.965" classname="Testcases.FundTransferTest"/>
  <testcase name="fundTransfer" time="18.642" classname="Testcases.FundTransferTest"/>
  <testcase name="fundTransfer" time="23.348" classname="Testcases.FundTransferTest"/>
  <testcase name="fundTransfer" time="20.052" classname="Testcases.FundTransferTest"/>
  <testcase name="fundTransfer" time="18.612" classname="Testcases.FundTransferTest"/>
  <testcase name="fundTransfer" time="19.085" classname="Testcases.FundTransferTest"/>
  <testcase name="fundTransfer" time="20.808" classname="Testcases.FundTransferTest"/>
  <testcase name="fundTransfer" time="19.305" classname="Testcases.FundTransferTest"/>
  <testcase name="fundTransfer" time="24.086" classname="Testcases.FundTransferTest"/>
  <testcase name="fundTransfer" time="18.384" classname="Testcases.FundTransferTest"/>
  <testcase name="fundTransfer" time="18.944" classname="Testcases.FundTransferTest"/>
  <testcase name="fundTransfer" time="19.948" classname="Testcases.FundTransferTest"/>
  <testcase name="fundTransfer" time="19.030" classname="Testcases.FundTransferTest"/>
  <testcase name="fundTransfer" time="19.701" classname="Testcases.FundTransferTest"/>
  <testcase name="fundTransfer" time="18.791" classname="Testcases.FundTransferTest"/>
  <testcase name="fundTransfer" time="19.225" classname="Testcases.FundTransferTest"/>
  <testcase name="fundTransfer" time="20.296" classname="Testcases.FundTransferTest"/>
  <testcase name="fundTransfer" time="18.628" classname="Testcases.FundTransferTest"/>
  <testcase name="fundTransfer" time="18.568" classname="Testcases.FundTransferTest"/>
  <testcase name="fundTransfer" time="19.935" classname="Testcases.FundTransferTest"/>
  <testcase name="fundTransfer" time="20.102" classname="Testcases.FundTransferTest"/>
  <testcase name="fundTransfer" time="19.288" classname="Testcases.FundTransferTest"/>
  <testcase name="fundTransfer" time="19.033" classname="Testcases.FundTransferTest"/>
  <testcase name="fundTransfer" time="19.501" classname="Testcases.FundTransferTest"/>
  <testcase name="fundTransfer" time="19.300" classname="Testcases.FundTransferTest"/>
  <testcase name="fundTransfer" time="19.701" classname="Testcases.FundTransferTest"/>
  <testcase name="fundTransfer" time="19.065" classname="Testcases.FundTransferTest"/>
  <testcase name="fundTransfer" time="36.734" classname="Testcases.FundTransferTest"/>
  <testcase name="fundTransfer" time="18.976" classname="Testcases.FundTransferTest"/>
  <testcase name="fundTransfer" time="19.732" classname="Testcases.FundTransferTest"/>
  <testcase name="fundTransfer" time="19.162" classname="Testcases.FundTransferTest"/>
  <testcase name="fundTransfer" time="19.100" classname="Testcases.FundTransferTest"/>
  <testcase name="fundTransfer" time="18.373" classname="Testcases.FundTransferTest"/>
  <testcase name="fundTransfer" time="20.262" classname="Testcases.FundTransferTest"/>
  <testcase name="fundTransfer" time="18.637" classname="Testcases.FundTransferTest"/>
  <testcase name="fundTransfer" time="18.811" classname="Testcases.FundTransferTest"/>
  <testcase name="fundTransfer" time="17.957" classname="Testcases.FundTransferTest"/>
  <testcase name="fundTransfer" time="19.836" classname="Testcases.FundTransferTest"/>
</testsuite> <!-- Testcases.FundTransferTest -->
